<?xml version="1.0" encoding="UTF-8"?>
<!-- Generated by org.testng.reporters.JUnitReportReporter -->
<testsuite hostname="PRAVEEN" failures="0" tests="1" name="testCases.TC002_LoginTest" time="3.871" errors="0" timestamp="2025-03-18T20:41:34 IST" skipped="0">
  <testcase classname="testCases.TC002_LoginTest" name="verrify_login" time="3.871"/>
</testsuite> <!-- testCases.TC002_LoginTest -->
