<?xml version="1.0" encoding="UTF-8"?>
<!-- Generated by org.testng.reporters.JUnitReportReporter -->
<testsuite hostname="PRAVEEN" failures="0" tests="1" name="testCases.TC001_AccountRegistrationTest" time="4.861" errors="0" timestamp="2025-03-18T21:16:57 IST" skipped="0">
  <testcase classname="testCases.TC001_AccountRegistrationTest" name="verrify_account_registration" time="4.861"/>
</testsuite> <!-- testCases.TC001_AccountRegistrationTest -->
